<?xml version="1.0" encoding="UTF-8"?>
<!-- Generated by org.testng.reporters.JUnitReportReporter -->
<testsuite hostname="DESKTOP-KTMCVD1" failures="0" tests="3" name="com.controller.BaseTest" time="138.965" errors="0" timestamp="2020-12-13T17:58:18 GMT" skipped="0">
  <testcase classname="com.controller.BaseTest" name="test1" time="46.532"/>
  <system-out/>
  <testcase classname="com.controller.BaseTest" name="test1" time="46.747"/>
  <system-out/>
  <testcase classname="com.controller.BaseTest" name="test1" time="45.686"/>
  <system-out/>
</testsuite> <!-- com.controller.BaseTest -->
